/home/nitesh/scrapping/venv/bin/python: can't open file '/home/nitesh/scrapping/websracping_backend/webscrapper/send_messages.py': [Errno 2] No such file or directory
Traceback (most recent call last):
  File "/home/nitesh/scrapping/webscrapper/send_messages.py", line 13, in <module>
    django.setup()
  File "/home/nitesh/scrapping/venv/lib/python3.12/site-packages/django/__init__.py", line 19, in setup
    configure_logging(settings.LOGGING_CONFIG, settings.LOGGING)
                      ^^^^^^^^^^^^^^^^^^^^^^^
  File "/home/nitesh/scrapping/venv/lib/python3.12/site-packages/django/conf/__init__.py", line 81, in __getattr__
    self._setup(name)
  File "/home/nitesh/scrapping/venv/lib/python3.12/site-packages/django/conf/__init__.py", line 68, in _setup
    self._wrapped = Settings(settings_module)
                    ^^^^^^^^^^^^^^^^^^^^^^^^^
  File "/home/nitesh/scrapping/venv/lib/python3.12/site-packages/django/conf/__init__.py", line 166, in __init__
    mod = importlib.import_module(self.SETTINGS_MODULE)
          ^^^^^^^^^^^^^^^^^^^^^^^^^^^^^^^^^^^^^^^^^^^^^
  File "/usr/lib/python3.12/importlib/__init__.py", line 90, in import_module
    return _bootstrap._gcd_import(name[level:], package, level)
           ^^^^^^^^^^^^^^^^^^^^^^^^^^^^^^^^^^^^^^^^^^^^^^^^^^^^
  File "<frozen importlib._bootstrap>", line 1387, in _gcd_import
  File "<frozen importlib._bootstrap>", line 1360, in _find_and_load
  File "<frozen importlib._bootstrap>", line 1310, in _find_and_load_unlocked
  File "<frozen importlib._bootstrap>", line 488, in _call_with_frames_removed
  File "<frozen importlib._bootstrap>", line 1387, in _gcd_import
  File "<frozen importlib._bootstrap>", line 1360, in _find_and_load
  File "<frozen importlib._bootstrap>", line 1324, in _find_and_load_unlocked
ModuleNotFoundError: No module named 'webscrapping_backend'
⏰ Cron Triggered: 2025-08-07 06:56:01.978385
✅ Message sent: SMb370ed4e104502f2731a1d360ecef164
⏰ Cron Triggered: 2025-08-07 06:58:02.277110
✅ Message sent: SMe4956a2de1085350c33f1b05c885e8b9
